<?xml version="1.0" encoding="UTF-8"?>
<testsuite xmlns:xsi="http://www.w3.org/2001/XMLSchema-instance" xsi:noNamespaceSchemaLocation="https://maven.apache.org/surefire/maven-surefire-plugin/xsd/surefire-test-report.xsd" version="3.0.2" name="com.supermarket.gateway.service.JwtServiceTest" time="0.174" tests="4" errors="0" skipped="0" failures="0">
  <properties>
[...]
</properties>
  <testcase name="isTokenValid_validToken_returnsTrue" classname="com.supermarket.gateway.service.JwtServiceTest" time="0.119"/>
  <testcase name="isTokenValid_expiredToken_returnsFalse" classname="com.supermarket.gateway.service.JwtServiceTest" time="0.013"/>
  <testcase name="extractUsername_validToken_returnsUsername" classname="com.supermarket.gateway.service.JwtServiceTest" time="0.018"/>
  <testcase name="isTokenValid_invalidToken_returnsFalse" classname="com.supermarket.gateway.service.JwtServiceTest" time="0.007"/>
</testsuite>