<?xml version="1.0" encoding="UTF-8"?>
<testsuite xmlns:xsi="http://www.w3.org/2001/XMLSchema-instance" xsi:noNamespaceSchemaLocation="https://maven.apache.org/surefire/maven-surefire-plugin/xsd/surefire-test-report.xsd" version="3.0.2" name="com.supermarket.search.controller.SearchControllerTest" time="4.793" tests="2" errors="0" skipped="0" failures="0">
  <properties>
[...]
</properties>
  <testcase name="search_noResults_returnsEmptyList" classname="com.supermarket.search.controller.SearchControllerTest" time="0.333">
    <system-out><![CDATA[15:47:00.144 [main] INFO org.springframework.test.context.support.AnnotationConfigContextLoaderUtils -- Could not detect default configuration classes for test class [com.supermarket.search.controller.SearchControllerTest]: SearchControllerTest does not declare any static, non-private, non-final, nested classes annotated with @Configuration.
15:47:00.538 [main] INFO org.springframework.boot.test.context.SpringBootTestContextBootstrapper -- Found @SpringBootConfiguration com.supermarket.search.SearchServiceApplication for test class com.supermarket.search.controller.SearchControllerTest

  .   ____          _            __ _ _
 /\\ / ___'_ __ _ _(_)_ __  __ _ \ \ \ \
( ( )\___ | '_ | '_| | '_ \/ _` | \ \ \ \
 \\/  ___)| |_)| | | | | || (_| |  ) ) ) )
  '  |____| .__|_| |_|_| |_\__, | / / / /
 =========|_|==============|___/=/_/_/_/
 :: Spring Boot ::                (v3.2.5)

2026-06-03T15:47:01.612+03:00  INFO 26976 --- [search-service] [           main] c.s.s.controller.SearchControllerTest    : Starting SearchControllerTest using Java 17.0.2 with PID 26976 (started by USER in C:\44\DEV\Backend\GEN\Lng\Java\Lsn\Proj\search-service)
2026-06-03T15:47:01.616+03:00  INFO 26976 --- [search-service] [           main] c.s.s.controller.SearchControllerTest    : No active profile set, falling back to 1 default profile: "default"
2026-06-03T15:47:03.865+03:00  INFO 26976 --- [search-service] [           main] o.s.b.t.m.w.SpringBootMockServletContext : Initializing Spring TestDispatcherServlet ''
2026-06-03T15:47:03.866+03:00  INFO 26976 --- [search-service] [           main] o.s.t.web.servlet.TestDispatcherServlet  : Initializing Servlet ''
2026-06-03T15:47:03.868+03:00  INFO 26976 --- [search-service] [           main] o.s.t.web.servlet.TestDispatcherServlet  : Completed initialization in 1 ms
2026-06-03T15:47:03.919+03:00  INFO 26976 --- [search-service] [           main] c.s.s.controller.SearchControllerTest    : Started SearchControllerTest in 3.162 seconds (process running for 7.818)
]]></system-out>
  </testcase>
  <testcase name="search_returnsMatchingProducts" classname="com.supermarket.search.controller.SearchControllerTest" time="0.069"/>
</testsuite>