<?xml version="1.0" encoding="UTF-8"?>
<testsuite xmlns:xsi="http://www.w3.org/2001/XMLSchema-instance" xsi:noNamespaceSchemaLocation="https://maven.apache.org/surefire/maven-surefire-plugin/xsd/surefire-test-report.xsd" version="3.0.2" name="com.supermarket.order.OrderIntegrationTest" time="11.619" tests="4" errors="0" skipped="0" failures="0">
  <properties>
[...]
</properties>
  <testcase name="getAllOrders_asAdmin_returns200" classname="com.supermarket.order.OrderIntegrationTest" time="0.522">
    <system-out><![CDATA[2026-06-03T15:26:41.811+03:00  INFO 26204 --- [order-service] [           main] t.c.s.AnnotationConfigContextLoaderUtils : Could not detect default configuration classes for test class [com.supermarket.order.OrderIntegrationTest]: OrderIntegrationTest does not declare any static, non-private, non-final, nested classes annotated with @Configuration.
2026-06-03T15:26:41.842+03:00  INFO 26204 --- [order-service] [           main] .b.t.c.SpringBootTestContextBootstrapper : Found @SpringBootConfiguration com.supermarket.order.OrderServiceApplication for test class com.supermarket.order.OrderIntegrationTest

  .   ____          _            __ _ _
 /\\ / ___'_ __ _ _(_)_ __  __ _ \ \ \ \
( ( )\___ | '_ | '_| | '_ \/ _` | \ \ \ \
 \\/  ___)| |_)| | | | | || (_| |  ) ) ) )
  '  |____| .__|_| |_|_| |_\__, | / / / /
 =========|_|==============|___/=/_/_/_/
 :: Spring Boot ::                (v3.2.5)

2026-06-03T15:26:41.946+03:00  INFO 26204 --- [order-service] [           main] c.s.order.OrderIntegrationTest           : Starting OrderIntegrationTest using Java 17.0.2 with PID 26204 (started by USER in C:\44\DEV\Backend\GEN\Lng\Java\Lsn\Proj\order-service)
2026-06-03T15:26:41.946+03:00  INFO 26204 --- [order-service] [           main] c.s.order.OrderIntegrationTest           : The following 1 profile is active: "test"
2026-06-03T15:26:42.880+03:00  INFO 26204 --- [order-service] [           main] .s.d.r.c.RepositoryConfigurationDelegate : Bootstrapping Spring Data JPA repositories in DEFAULT mode.
2026-06-03T15:26:43.052+03:00  INFO 26204 --- [order-service] [           main] .s.d.r.c.RepositoryConfigurationDelegate : Finished Spring Data repository scanning in 124 ms. Found 1 JPA repository interface.
2026-06-03T15:26:45.789+03:00  INFO 26204 --- [order-service] [           main] o.hibernate.jpa.internal.util.LogHelper  : HHH000204: Processing PersistenceUnitInfo [name: default]
2026-06-03T15:26:46.142+03:00  INFO 26204 --- [order-service] [           main] org.hibernate.Version                    : HHH000412: Hibernate ORM core version 6.4.4.Final
2026-06-03T15:26:46.299+03:00  INFO 26204 --- [order-service] [           main] o.h.c.internal.RegionFactoryInitiator    : HHH000026: Second-level cache disabled
2026-06-03T15:26:46.745+03:00  INFO 26204 --- [order-service] [           main] o.s.o.j.p.SpringPersistenceUnitInfo      : No LoadTimeWeaver setup: ignoring JPA class transformer
2026-06-03T15:26:46.856+03:00  INFO 26204 --- [order-service] [           main] com.zaxxer.hikari.HikariDataSource       : HikariPool-1 - Starting...
2026-06-03T15:26:47.642+03:00  INFO 26204 --- [order-service] [           main] com.zaxxer.hikari.pool.HikariPool        : HikariPool-1 - Added connection conn0: url=jdbc:h2:mem:testdb user=SA
2026-06-03T15:26:47.647+03:00  INFO 26204 --- [order-service] [           main] com.zaxxer.hikari.HikariDataSource       : HikariPool-1 - Start completed.
2026-06-03T15:26:47.722+03:00  WARN 26204 --- [order-service] [           main] org.hibernate.dialect.Dialect            : HHH000511: The 2.2.0 version for [org.hibernate.dialect.PostgreSQLDialect] is no longer supported, hence certain features may not work properly. The minimum supported version is 12.0.0. Check the community dialects project for available legacy versions.
2026-06-03T15:26:47.739+03:00  WARN 26204 --- [order-service] [           main] org.hibernate.orm.deprecation            : HHH90000025: PostgreSQLDialect does not need to be specified explicitly using 'hibernate.dialect' (remove the property setting and it will be selected by default)
2026-06-03T15:26:50.321+03:00  INFO 26204 --- [order-service] [           main] o.h.e.t.j.p.i.JtaPlatformInitiator       : HHH000489: No JTA platform available (set 'hibernate.transaction.jta.platform' to enable JTA platform integration)
Hibernate: alter table if exists order_items drop constraint if exists FKb2vrrqy10nnyqhb5ergl5498r
Hibernate: drop table if exists customer_orders cascade
Hibernate: drop table if exists order_items cascade
Hibernate: create table customer_orders (total_price numeric(38,2) not null, created_at timestamp(6) not null, id bigserial not null, customer_username varchar(255) not null, status varchar(255) not null check (status in ('PENDING','CONFIRMED','SHIPPED','DELIVERED')), primary key (id))
Hibernate: create table order_items (price_at_purchase numeric(38,2) not null, quantity integer not null, id bigserial not null, order_id bigint not null, product_id bigint not null, product_name varchar(255) not null, primary key (id))
Hibernate: alter table if exists order_items add constraint FKb2vrrqy10nnyqhb5ergl5498r foreign key (order_id) references customer_orders
2026-06-03T15:26:50.430+03:00  INFO 26204 --- [order-service] [           main] j.LocalContainerEntityManagerFactoryBean : Initialized JPA EntityManagerFactory for persistence unit 'default'
2026-06-03T15:26:51.335+03:00  WARN 26204 --- [order-service] [           main] JpaBaseConfiguration$JpaWebConfiguration : spring.jpa.open-in-view is enabled by default. Therefore, database queries may be performed during view rendering. Explicitly configure spring.jpa.open-in-view to disable this warning
2026-06-03T15:26:51.383+03:00  WARN 26204 --- [order-service] [           main] .s.s.UserDetailsServiceAutoConfiguration : 

Using generated security password: 675b3798-7e2c-4502-bbba-93ebc8042941

This generated password is for development use only. Your security configuration must be updated before running your application in production.

2026-06-03T15:26:51.881+03:00  INFO 26204 --- [order-service] [           main] o.s.s.web.DefaultSecurityFilterChain     : Will secure any request with [org.springframework.security.web.session.DisableEncodeUrlFilter@4d3b2117, org.springframework.security.web.context.request.async.WebAsyncManagerIntegrationFilter@23a9dde, org.springframework.security.web.context.SecurityContextHolderFilter@14239522, org.springframework.security.web.header.HeaderWriterFilter@69208ca6, org.springframework.web.filter.CorsFilter@103d1824, org.springframework.security.web.authentication.logout.LogoutFilter@1584b588, com.supermarket.order.security.JwtAuthFilter@55161b0a, org.springframework.security.web.savedrequest.RequestCacheAwareFilter@dc1adb8, org.springframework.security.web.servletapi.SecurityContextHolderAwareRequestFilter@1793de2d, org.springframework.security.web.authentication.AnonymousAuthenticationFilter@20e4a173, org.springframework.security.web.session.SessionManagementFilter@325d2cfe, org.springframework.security.web.access.ExceptionTranslationFilter@4a269062, org.springframework.security.web.access.intercept.AuthorizationFilter@3154683d]
2026-06-03T15:26:52.799+03:00  INFO 26204 --- [order-service] [           main] o.s.b.t.m.w.SpringBootMockServletContext : Initializing Spring TestDispatcherServlet ''
2026-06-03T15:26:52.799+03:00  INFO 26204 --- [order-service] [           main] o.s.t.web.servlet.TestDispatcherServlet  : Initializing Servlet ''
2026-06-03T15:26:52.801+03:00  INFO 26204 --- [order-service] [           main] o.s.t.web.servlet.TestDispatcherServlet  : Completed initialization in 2 ms
2026-06-03T15:26:52.840+03:00  INFO 26204 --- [order-service] [           main] c.s.order.OrderIntegrationTest           : Started OrderIntegrationTest in 10.974 seconds (process running for 23.229)
Hibernate: select o1_0.id,o1_0.created_at,o1_0.customer_username,o1_0.status,o1_0.total_price from customer_orders o1_0
]]></system-out>
  </testcase>
  <testcase name="createOrder_withoutAuth_returns401" classname="com.supermarket.order.OrderIntegrationTest" time="0.014"/>
  <testcase name="getAllOrders_asUser_returns403" classname="com.supermarket.order.OrderIntegrationTest" time="0.014"/>
  <testcase name="getOrder_withoutAuth_returns401" classname="com.supermarket.order.OrderIntegrationTest" time="0.008"/>
</testsuite>