<?xml version="1.0" encoding="UTF-8"?>
<testsuite xmlns:xsi="http://www.w3.org/2001/XMLSchema-instance" xsi:noNamespaceSchemaLocation="https://maven.apache.org/surefire/maven-surefire-plugin/xsd/surefire-test-report.xsd" version="3.0.2" name="com.supermarket.image.service.ImageServiceTest" time="1.465" tests="2" errors="0" skipped="0" failures="0">
  <properties>
[...]
</properties>
  <testcase name="upload_generatesUniqueKeys" classname="com.supermarket.image.service.ImageServiceTest" time="1.414"/>
  <testcase name="upload_validFile_returnsS3Url" classname="com.supermarket.image.service.ImageServiceTest" time="0.035"/>
</testsuite>