<?xml version="1.0" encoding="UTF-8"?>
<testsuite xmlns:xsi="http://www.w3.org/2001/XMLSchema-instance" xsi:noNamespaceSchemaLocation="https://maven.apache.org/surefire/maven-surefire-plugin/xsd/surefire-test-report.xsd" version="3.0.2" name="com.supermarket.auth.controller.AuthControllerTest" time="2.717" tests="2" errors="0" skipped="0" failures="0">
  <properties>
[...]
</properties>
  <testcase name="login_validCredentials_returns200WithCookie" classname="com.supermarket.auth.controller.AuthControllerTest" time="0.361">
    <system-out><![CDATA[2026-06-03T14:01:31.326+03:00  INFO 27780 --- [auth-service] [           main] t.c.s.AnnotationConfigContextLoaderUtils : Could not detect default configuration classes for test class [com.supermarket.auth.controller.AuthControllerTest]: AuthControllerTest does not declare any static, non-private, non-final, nested classes annotated with @Configuration.
2026-06-03T14:01:31.406+03:00  INFO 27780 --- [auth-service] [           main] .b.t.c.SpringBootTestContextBootstrapper : Found @SpringBootConfiguration com.supermarket.auth.AuthServiceApplication for test class com.supermarket.auth.controller.AuthControllerTest

  .   ____          _            __ _ _
 /\\ / ___'_ __ _ _(_)_ __  __ _ \ \ \ \
( ( )\___ | '_ | '_| | '_ \/ _` | \ \ \ \
 \\/  ___)| |_)| | | | | || (_| |  ) ) ) )
  '  |____| .__|_| |_|_| |_\__, | / / / /
 =========|_|==============|___/=/_/_/_/
 :: Spring Boot ::                (v3.2.5)

2026-06-03T14:01:31.480+03:00  INFO 27780 --- [auth-service] [           main] c.s.auth.controller.AuthControllerTest   : Starting AuthControllerTest using Java 17.0.2 with PID 27780 (started by USER in C:\44\DEV\Backend\GEN\Lng\Java\Lsn\Proj\auth-service)
2026-06-03T14:01:31.481+03:00  INFO 27780 --- [auth-service] [           main] c.s.auth.controller.AuthControllerTest   : No active profile set, falling back to 1 default profile: "default"
2026-06-03T14:01:33.548+03:00  INFO 27780 --- [auth-service] [           main] o.s.b.t.m.w.SpringBootMockServletContext : Initializing Spring TestDispatcherServlet ''
2026-06-03T14:01:33.550+03:00  INFO 27780 --- [auth-service] [           main] o.s.t.web.servlet.TestDispatcherServlet  : Initializing Servlet ''
2026-06-03T14:01:33.553+03:00  INFO 27780 --- [auth-service] [           main] o.s.t.web.servlet.TestDispatcherServlet  : Completed initialization in 2 ms
2026-06-03T14:01:33.596+03:00  INFO 27780 --- [auth-service] [           main] c.s.auth.controller.AuthControllerTest   : Started AuthControllerTest in 2.177 seconds (process running for 35.686)
]]></system-out>
  </testcase>
  <testcase name="logout_returns200AndClearsCookie" classname="com.supermarket.auth.controller.AuthControllerTest" time="0.026"/>
</testsuite>