<?xml version="1.0" encoding="UTF-8"?>
<testsuite xmlns:xsi="http://www.w3.org/2001/XMLSchema-instance" xsi:noNamespaceSchemaLocation="https://maven.apache.org/surefire/maven-surefire-plugin/xsd/surefire-test-report.xsd" version="3.0.2" name="com.supermarket.auth.AuthIntegrationTest" time="31.814" tests="4" errors="0" skipped="0" failures="0">
  <properties>
[...]
</properties>
  <testcase name="protectedEndpoint_withoutCookie_returns401" classname="com.supermarket.auth.AuthIntegrationTest" time="2.057">
    <system-out><![CDATA[14:01:00.305 [main] INFO org.springframework.test.context.support.AnnotationConfigContextLoaderUtils -- Could not detect default configuration classes for test class [com.supermarket.auth.AuthIntegrationTest]: AuthIntegrationTest does not declare any static, non-private, non-final, nested classes annotated with @Configuration.
14:01:00.766 [main] INFO org.springframework.boot.test.context.SpringBootTestContextBootstrapper -- Found @SpringBootConfiguration com.supermarket.auth.AuthServiceApplication for test class com.supermarket.auth.AuthIntegrationTest

  .   ____          _            __ _ _
 /\\ / ___'_ __ _ _(_)_ __  __ _ \ \ \ \
( ( )\___ | '_ | '_| | '_ \/ _` | \ \ \ \
 \\/  ___)| |_)| | | | | || (_| |  ) ) ) )
  '  |____| .__|_| |_|_| |_\__, | / / / /
 =========|_|==============|___/=/_/_/_/
 :: Spring Boot ::                (v3.2.5)

2026-06-03T14:01:03.420+03:00  INFO 27780 --- [auth-service] [           main] c.supermarket.auth.AuthIntegrationTest   : Starting AuthIntegrationTest using Java 17.0.2 with PID 27780 (started by USER in C:\44\DEV\Backend\GEN\Lng\Java\Lsn\Proj\auth-service)
2026-06-03T14:01:03.443+03:00  INFO 27780 --- [auth-service] [           main] c.supermarket.auth.AuthIntegrationTest   : The following 1 profile is active: "test"
2026-06-03T14:01:06.800+03:00  INFO 27780 --- [auth-service] [           main] .s.d.r.c.RepositoryConfigurationDelegate : Bootstrapping Spring Data JPA repositories in DEFAULT mode.
2026-06-03T14:01:07.064+03:00  INFO 27780 --- [auth-service] [           main] .s.d.r.c.RepositoryConfigurationDelegate : Finished Spring Data repository scanning in 221 ms. Found 1 JPA repository interface.
2026-06-03T14:01:10.609+03:00  INFO 27780 --- [auth-service] [           main] o.hibernate.jpa.internal.util.LogHelper  : HHH000204: Processing PersistenceUnitInfo [name: default]
2026-06-03T14:01:11.188+03:00  INFO 27780 --- [auth-service] [           main] org.hibernate.Version                    : HHH000412: Hibernate ORM core version 6.4.4.Final
2026-06-03T14:01:11.366+03:00  INFO 27780 --- [auth-service] [           main] o.h.c.internal.RegionFactoryInitiator    : HHH000026: Second-level cache disabled
2026-06-03T14:01:13.482+03:00  INFO 27780 --- [auth-service] [           main] o.s.o.j.p.SpringPersistenceUnitInfo      : No LoadTimeWeaver setup: ignoring JPA class transformer
2026-06-03T14:01:13.670+03:00  INFO 27780 --- [auth-service] [           main] com.zaxxer.hikari.HikariDataSource       : HikariPool-1 - Starting...
2026-06-03T14:01:15.229+03:00  INFO 27780 --- [auth-service] [           main] com.zaxxer.hikari.pool.HikariPool        : HikariPool-1 - Added connection conn0: url=jdbc:h2:mem:testdb user=SA
2026-06-03T14:01:15.236+03:00  INFO 27780 --- [auth-service] [           main] com.zaxxer.hikari.HikariDataSource       : HikariPool-1 - Start completed.
2026-06-03T14:01:15.348+03:00  WARN 27780 --- [auth-service] [           main] org.hibernate.dialect.Dialect            : HHH000511: The 2.2.0 version for [org.hibernate.dialect.PostgreSQLDialect] is no longer supported, hence certain features may not work properly. The minimum supported version is 12.0.0. Check the community dialects project for available legacy versions.
2026-06-03T14:01:15.381+03:00  WARN 27780 --- [auth-service] [           main] org.hibernate.orm.deprecation            : HHH90000025: PostgreSQLDialect does not need to be specified explicitly using 'hibernate.dialect' (remove the property setting and it will be selected by default)
2026-06-03T14:01:19.436+03:00  INFO 27780 --- [auth-service] [           main] o.h.e.t.j.p.i.JtaPlatformInitiator       : HHH000489: No JTA platform available (set 'hibernate.transaction.jta.platform' to enable JTA platform integration)
Hibernate: drop table if exists app_users cascade
Hibernate: create table app_users (id bigserial not null, password_hash varchar(255) not null, roles varchar(255) not null, username varchar(255) not null unique, primary key (id))
2026-06-03T14:01:19.597+03:00  INFO 27780 --- [auth-service] [           main] j.LocalContainerEntityManagerFactoryBean : Initialized JPA EntityManagerFactory for persistence unit 'default'
2026-06-03T14:01:21.272+03:00  WARN 27780 --- [auth-service] [           main] JpaBaseConfiguration$JpaWebConfiguration : spring.jpa.open-in-view is enabled by default. Therefore, database queries may be performed during view rendering. Explicitly configure spring.jpa.open-in-view to disable this warning
2026-06-03T14:01:22.608+03:00  INFO 27780 --- [auth-service] [           main] o.s.s.web.DefaultSecurityFilterChain     : Will secure any request with [org.springframework.security.web.session.DisableEncodeUrlFilter@47d74366, org.springframework.security.web.context.request.async.WebAsyncManagerIntegrationFilter@14f20817, org.springframework.security.web.context.SecurityContextHolderFilter@66692051, org.springframework.security.web.header.HeaderWriterFilter@572c013f, org.springframework.web.filter.CorsFilter@165abf1, org.springframework.security.web.authentication.logout.LogoutFilter@6e859a10, com.supermarket.auth.security.JwtAuthFilter@2aed0f50, org.springframework.security.web.savedrequest.RequestCacheAwareFilter@586b804, org.springframework.security.web.servletapi.SecurityContextHolderAwareRequestFilter@1cba61da, org.springframework.security.web.authentication.AnonymousAuthenticationFilter@5cea1344, org.springframework.security.web.session.SessionManagementFilter@5dab1f38, org.springframework.security.web.access.ExceptionTranslationFilter@1923b39, org.springframework.security.web.access.intercept.AuthorizationFilter@2d5fd52e]
2026-06-03T14:01:24.064+03:00  INFO 27780 --- [auth-service] [           main] o.s.b.t.m.w.SpringBootMockServletContext : Initializing Spring TestDispatcherServlet ''
2026-06-03T14:01:24.065+03:00  INFO 27780 --- [auth-service] [           main] o.s.t.web.servlet.TestDispatcherServlet  : Initializing Servlet ''
2026-06-03T14:01:24.069+03:00  INFO 27780 --- [auth-service] [           main] o.s.t.web.servlet.TestDispatcherServlet  : Completed initialization in 4 ms
2026-06-03T14:01:24.154+03:00  INFO 27780 --- [auth-service] [           main] c.supermarket.auth.AuthIntegrationTest   : Started AuthIntegrationTest in 22.546 seconds (process running for 26.243)
Hibernate: select count(*) from app_users au1_0
Hibernate: insert into app_users (password_hash,roles,username) values (?,?,?)
Hibernate: insert into app_users (password_hash,roles,username) values (?,?,?)
]]></system-out>
  </testcase>
  <testcase name="logout_returns200" classname="com.supermarket.auth.AuthIntegrationTest" time="0.228"/>
  <testcase name="login_existingUser_returns200WithCookie" classname="com.supermarket.auth.AuthIntegrationTest" time="1.363">
    <system-out><![CDATA[Hibernate: select au1_0.id,au1_0.password_hash,au1_0.roles,au1_0.username from app_users au1_0 where au1_0.username=?
Hibernate: select au1_0.id,au1_0.password_hash,au1_0.roles,au1_0.username from app_users au1_0 where au1_0.username=?
]]></system-out>
  </testcase>
  <testcase name="login_wrongPassword_returns401" classname="com.supermarket.auth.AuthIntegrationTest" time="0.28">
    <system-out><![CDATA[Hibernate: select au1_0.id,au1_0.password_hash,au1_0.roles,au1_0.username from app_users au1_0 where au1_0.username=?
]]></system-out>
  </testcase>
</testsuite>